{"name": "test_cart_recovery", "status": "broken", "statusDetails": {"message": "selenium.common.exceptions.NoSuchElementException: Message: no such element: Unable to locate element: {\"method\":\"xpath\",\"selector\":\"/html[1]/body[1]/div[2]/div[1]/div[1]/div[3]/main[1]/div[1]/div[6]/div[2]/div[1]/div[1]/div[2]/button[1]/div[1]/div[1]\"}\n  (Session info: chrome=129.0.6668.90); For documentation on this error, please visit: https://www.selenium.dev/documentation/webdriver/troubleshooting/errors#no-such-element-exception\nStacktrace:\n\tGetHandleVerifier [0x00007FF6D516B675+29573]\n\t(No symbol) [0x00007FF6D50E04A0]\n\t(No symbol) [0x00007FF6D4F9B6EA]\n\t(No symbol) [0x00007FF6D4FEF815]\n\t(No symbol) [0x00007FF6D4FEFA6C]\n\t(No symbol) [0x00007FF6D503B917]\n\t(No symbol) [0x00007FF6D501733F]\n\t(No symbol) [0x00007FF6D50386BC]\n\t(No symbol) [0x00007FF6D50170A3]\n\t(No symbol) [0x00007FF6D4FE12DF]\n\t(No symbol) [0x00007FF6D4FE2441]\n\tGetHandleVerifier [0x00007FF6D549C5BD+3375821]\n\tGetHandleVerifier [0x00007FF6D54E79B7+3684039]\n\tGetHandleVerifier [0x00007FF6D54DCDDB+3640043]\n\tGetHandleVerifier [0x00007FF6D522B7F6+816390]\n\t(No symbol) [0x00007FF6D50EB7AF]\n\t(No symbol) [0x00007FF6D50E75D4]\n\t(No symbol) [0x00007FF6D50E7770]\n\t(No symbol) [0x00007FF6D50D65CF]\n\tBaseThreadInitThunk [0x00007FF9DF22257D+29]\n\tRtlUserThreadStart [0x00007FF9E0EEAF08+40]", "trace": "chrome_browser = <selenium.webdriver.chrome.webdriver.WebDriver (session=\"c9d23f1450337bce71f46c042e0df230\")>\n\n    @allure.step(\"Восстановление книги в корзине после удаления\")\n    def test_cart_recovery(chrome_browser):\n        chrome_browser.get(URL_1)\n        \"\"\"Поиск по фамилии автора\"\"\"\n        chrome_browser.find_element(By.CLASS_NAME, 'header-search__input').send_keys(\"Пушкин\")\n    \n        \"\"\"Клик по лупе\"\"\"\n        chrome_browser.find_element(By.CLASS_NAME, 'header-search__button-icon').click()\n    \n        \"\"\"Ожидание загрузки элемента\"\"\"\n        element = WebDriverWait(chrome_browser, 10).until( EC.presence_of_element_located((By.XPATH, '/html[1]/body[1]/div[2]/div[1]/div[1]/div[3]/div[1]/div[1]/div[1]/div[1]/section[1]/section[1]/div[1]/article[3]/a[1]/picture[1]/img[1]')))\n    \n        \"\"\"Скролл к элементу\"\"\"\n        chrome_browser.execute_script(\"arguments[0].scrollIntoView(true);\", element)\n    \n        \"\"\"Клик по элементу\"\"\"\n        ActionChains(chrome_browser).move_to_element(element).click(element).perform()\n        sleep(5)\n    \n        \"\"\"Закинуть в корзину\"\"\"\n>       chrome_browser.find_element(By.XPATH, '/html[1]/body[1]/div[2]/div[1]/div[1]/div[3]/main[1]/div[1]/div[6]/div[2]/div[1]/div[1]/div[2]/button[1]/div[1]/div[1]').click()\n\nTest\\test_ui.py:108: \n_ _ _ _ _ _ _ _ _ _ _ _ _ _ _ _ _ _ _ _ _ _ _ _ _ _ _ _ _ _ _ _ _ _ _ _ _ _ _ _ _ _ _ _ _ _ _ _ _ _ _ _ _ _ _ _ _ _ _ _ _ _ _ _ _ _ _ _ _ _ _ _ _ _ \n.venv\\Lib\\site-packages\\selenium\\webdriver\\remote\\webdriver.py:748: in find_element\n    return self.execute(Command.FIND_ELEMENT, {\"using\": by, \"value\": value})[\"value\"]\n.venv\\Lib\\site-packages\\selenium\\webdriver\\remote\\webdriver.py:354: in execute\n    self.error_handler.check_response(response)\n_ _ _ _ _ _ _ _ _ _ _ _ _ _ _ _ _ _ _ _ _ _ _ _ _ _ _ _ _ _ _ _ _ _ _ _ _ _ _ _ _ _ _ _ _ _ _ _ _ _ _ _ _ _ _ _ _ _ _ _ _ _ _ _ _ _ _ _ _ _ _ _ _ _ \n\nself = <selenium.webdriver.remote.errorhandler.ErrorHandler object at 0x000001B66177ED20>\nresponse = {'status': 404, 'value': '{\"value\":{\"error\":\"no such element\",\"message\":\"no such element: Unable to locate element: {\\...07FF6D50D65CF]\\\\n\\\\tBaseThreadInitThunk [0x00007FF9DF22257D+29]\\\\n\\\\tRtlUserThreadStart [0x00007FF9E0EEAF08+40]\\\\n\"}}'}\n\n    def check_response(self, response: Dict[str, Any]) -> None:\n        \"\"\"Checks that a JSON response from the WebDriver does not have an\n        error.\n    \n        :Args:\n         - response - The JSON response from the WebDriver server as a dictionary\n           object.\n    \n        :Raises: If the response contains an error message.\n        \"\"\"\n        status = response.get(\"status\", None)\n        if not status or status == ErrorCode.SUCCESS:\n            return\n        value = None\n        message = response.get(\"message\", \"\")\n        screen: str = response.get(\"screen\", \"\")\n        stacktrace = None\n        if isinstance(status, int):\n            value_json = response.get(\"value\", None)\n            if value_json and isinstance(value_json, str):\n                import json\n    \n                try:\n                    value = json.loads(value_json)\n                    if len(value) == 1:\n                        value = value[\"value\"]\n                    status = value.get(\"error\", None)\n                    if not status:\n                        status = value.get(\"status\", ErrorCode.UNKNOWN_ERROR)\n                        message = value.get(\"value\") or value.get(\"message\")\n                        if not isinstance(message, str):\n                            value = message\n                            message = message.get(\"message\")\n                    else:\n                        message = value.get(\"message\", None)\n                except ValueError:\n                    pass\n    \n        exception_class: Type[WebDriverException]\n        e = ErrorCode()\n        error_codes = [item for item in dir(e) if not item.startswith(\"__\")]\n        for error_code in error_codes:\n            error_info = getattr(ErrorCode, error_code)\n            if isinstance(error_info, list) and status in error_info:\n                exception_class = getattr(ExceptionMapping, error_code, WebDriverException)\n                break\n        else:\n            exception_class = WebDriverException\n    \n        if not value:\n            value = response[\"value\"]\n        if isinstance(value, str):\n            raise exception_class(value)\n        if message == \"\" and \"message\" in value:\n            message = value[\"message\"]\n    \n        screen = None  # type: ignore[assignment]\n        if \"screen\" in value:\n            screen = value[\"screen\"]\n    \n        stacktrace = None\n        st_value = value.get(\"stackTrace\") or value.get(\"stacktrace\")\n        if st_value:\n            if isinstance(st_value, str):\n                stacktrace = st_value.split(\"\\n\")\n            else:\n                stacktrace = []\n                try:\n                    for frame in st_value:\n                        line = frame.get(\"lineNumber\", \"\")\n                        file = frame.get(\"fileName\", \"<anonymous>\")\n                        if line:\n                            file = f\"{file}:{line}\"\n                        meth = frame.get(\"methodName\", \"<anonymous>\")\n                        if \"className\" in frame:\n                            meth = f\"{frame['className']}.{meth}\"\n                        msg = \"    at %s (%s)\"\n                        msg = msg % (meth, file)\n                        stacktrace.append(msg)\n                except TypeError:\n                    pass\n        if exception_class == UnexpectedAlertPresentException:\n            alert_text = None\n            if \"data\" in value:\n                alert_text = value[\"data\"].get(\"text\")\n            elif \"alert\" in value:\n                alert_text = value[\"alert\"].get(\"text\")\n            raise exception_class(message, screen, stacktrace, alert_text)  # type: ignore[call-arg]  # mypy is not smart enough here\n>       raise exception_class(message, screen, stacktrace)\nE       selenium.common.exceptions.NoSuchElementException: Message: no such element: Unable to locate element: {\"method\":\"xpath\",\"selector\":\"/html[1]/body[1]/div[2]/div[1]/div[1]/div[3]/main[1]/div[1]/div[6]/div[2]/div[1]/div[1]/div[2]/button[1]/div[1]/div[1]\"}\nE         (Session info: chrome=129.0.6668.90); For documentation on this error, please visit: https://www.selenium.dev/documentation/webdriver/troubleshooting/errors#no-such-element-exception\nE       Stacktrace:\nE       \tGetHandleVerifier [0x00007FF6D516B675+29573]\nE       \t(No symbol) [0x00007FF6D50E04A0]\nE       \t(No symbol) [0x00007FF6D4F9B6EA]\nE       \t(No symbol) [0x00007FF6D4FEF815]\nE       \t(No symbol) [0x00007FF6D4FEFA6C]\nE       \t(No symbol) [0x00007FF6D503B917]\nE       \t(No symbol) [0x00007FF6D501733F]\nE       \t(No symbol) [0x00007FF6D50386BC]\nE       \t(No symbol) [0x00007FF6D50170A3]\nE       \t(No symbol) [0x00007FF6D4FE12DF]\nE       \t(No symbol) [0x00007FF6D4FE2441]\nE       \tGetHandleVerifier [0x00007FF6D549C5BD+3375821]\nE       \tGetHandleVerifier [0x00007FF6D54E79B7+3684039]\nE       \tGetHandleVerifier [0x00007FF6D54DCDDB+3640043]\nE       \tGetHandleVerifier [0x00007FF6D522B7F6+816390]\nE       \t(No symbol) [0x00007FF6D50EB7AF]\nE       \t(No symbol) [0x00007FF6D50E75D4]\nE       \t(No symbol) [0x00007FF6D50E7770]\nE       \t(No symbol) [0x00007FF6D50D65CF]\nE       \tBaseThreadInitThunk [0x00007FF9DF22257D+29]\nE       \tRtlUserThreadStart [0x00007FF9E0EEAF08+40]\n\n.venv\\Lib\\site-packages\\selenium\\webdriver\\remote\\errorhandler.py:229: NoSuchElementException"}, "steps": [{"name": "Восстановление книги в корзине после удаления", "status": "broken", "statusDetails": {"message": "selenium.common.exceptions.NoSuchElementException: Message: no such element: Unable to locate element: {\"method\":\"xpath\",\"selector\":\"/html[1]/body[1]/div[2]/div[1]/div[1]/div[3]/main[1]/div[1]/div[6]/div[2]/div[1]/div[1]/div[2]/button[1]/div[1]/div[1]\"}\n  (Session info: chrome=129.0.6668.90); For documentation on this error, please visit: https://www.selenium.dev/documentation/webdriver/troubleshooting/errors#no-such-element-exception\nStacktrace:\n\tGetHandleVerifier [0x00007FF6D516B675+29573]\n\t(No symbol) [0x00007FF6D50E04A0]\n\t(No symbol) [0x00007FF6D4F9B6EA]\n\t(No symbol) [0x00007FF6D4FEF815]\n\t(No symbol) [0x00007FF6D4FEFA6C]\n\t(No symbol) [0x00007FF6D503B917]\n\t(No symbol) [0x00007FF6D501733F]\n\t(No symbol) [0x00007FF6D50386BC]\n\t(No symbol) [0x00007FF6D50170A3]\n\t(No symbol) [0x00007FF6D4FE12DF]\n\t(No symbol) [0x00007FF6D4FE2441]\n\tGetHandleVerifier [0x00007FF6D549C5BD+3375821]\n\tGetHandleVerifier [0x00007FF6D54E79B7+3684039]\n\tGetHandleVerifier [0x00007FF6D54DCDDB+3640043]\n\tGetHandleVerifier [0x00007FF6D522B7F6+816390]\n\t(No symbol) [0x00007FF6D50EB7AF]\n\t(No symbol) [0x00007FF6D50E75D4]\n\t(No symbol) [0x00007FF6D50E7770]\n\t(No symbol) [0x00007FF6D50D65CF]\n\tBaseThreadInitThunk [0x00007FF9DF22257D+29]\n\tRtlUserThreadStart [0x00007FF9E0EEAF08+40]\n\n", "trace": "  File \"C:\\Users\\79091\\Документы\\Diplom\\.venv\\Lib\\site-packages\\allure_commons\\_allure.py\", line 192, in impl\n    return func(*a, **kw)\n           ^^^^^^^^^^^^^^\n  File \"C:\\Users\\79091\\Документы\\Diplom\\Test\\test_ui.py\", line 108, in test_cart_recovery\n    chrome_browser.find_element(By.XPATH, '/html[1]/body[1]/div[2]/div[1]/div[1]/div[3]/main[1]/div[1]/div[6]/div[2]/div[1]/div[1]/div[2]/button[1]/div[1]/div[1]').click()\n    ^^^^^^^^^^^^^^^^^^^^^^^^^^^^^^^^^^^^^^^^^^^^^^^^^^^^^^^^^^^^^^^^^^^^^^^^^^^^^^^^^^^^^^^^^^^^^^^^^^^^^^^^^^^^^^^^^^^^^^^^^^^^^^^^^^^^^^^^^^^^^^^^^^^^^^^^^^^^^^^\n  File \"C:\\Users\\79091\\Документы\\Diplom\\.venv\\Lib\\site-packages\\selenium\\webdriver\\remote\\webdriver.py\", line 748, in find_element\n    return self.execute(Command.FIND_ELEMENT, {\"using\": by, \"value\": value})[\"value\"]\n           ^^^^^^^^^^^^^^^^^^^^^^^^^^^^^^^^^^^^^^^^^^^^^^^^^^^^^^^^^^^^^^^^^\n  File \"C:\\Users\\79091\\Документы\\Diplom\\.venv\\Lib\\site-packages\\selenium\\webdriver\\remote\\webdriver.py\", line 354, in execute\n    self.error_handler.check_response(response)\n  File \"C:\\Users\\79091\\Документы\\Diplom\\.venv\\Lib\\site-packages\\selenium\\webdriver\\remote\\errorhandler.py\", line 229, in check_response\n    raise exception_class(message, screen, stacktrace)\n"}, "parameters": [{"name": "chrome_browser", "value": "<selenium.webdriver.chrome.webdriver.WebDriver (session=\"c9d23f1450337bce71f46c042e0df230\")>"}], "start": 1728500411703, "stop": 1728500464310}], "start": 1728500411703, "stop": 1728500464357, "uuid": "81c34e18-380d-4bac-9527-e2155f628385", "historyId": "3b8b3f7ddbabf8ec4ed5a4b41edfaa15", "testCaseId": "3b8b3f7ddbabf8ec4ed5a4b41edfaa15", "fullName": "Test.test_ui#test_cart_recovery", "labels": [{"name": "parentSuite", "value": "Test"}, {"name": "suite", "value": "test_ui"}, {"name": "host", "value": "LAPTOP-BE6SGJ1B"}, {"name": "thread", "value": "9064-MainThread"}, {"name": "framework", "value": "pytest"}, {"name": "language", "value": "cpython3"}, {"name": "package", "value": "Test.test_ui"}]}